c:\users\nadia\desktop\free external source by loltf#4825\loltflol\vc142.pdb
c:\users\nadia\desktop\free external source by loltf#4825\loltflol\imgui_widgets.obj
c:\users\nadia\desktop\free external source by loltf#4825\loltflol\imgui_tables.obj
c:\users\nadia\desktop\free external source by loltf#4825\loltflol\imgui_impl_win32.obj
c:\users\nadia\desktop\free external source by loltf#4825\loltflol\imgui_impl_dx9.obj
c:\users\nadia\desktop\free external source by loltf#4825\loltflol\imgui_draw.obj
c:\users\nadia\desktop\free external source by loltf#4825\loltflol\imgui_demo.obj
c:\users\nadia\desktop\free external source by loltf#4825\loltflol\imgui.obj
c:\users\nadia\desktop\free external source by loltf#4825\loltflol\external.obj
c:\users\nadia\desktop\free external source by loltf#4825\loltflol\driverdefs.obj
c:\users\nadia\desktop\free external source by loltf#4825\build\external_loltf.exe
c:\users\nadia\desktop\free external source by loltf#4825\loltflol\external_loltf.ipdb
c:\users\nadia\desktop\free external source by loltf#4825\loltflol\external_loltf.iobj
c:\users\nadia\desktop\free external source by loltf#4825\loltflol\vc143.pdb
c:\users\nadia\desktop\free external source by loltf#4825\loltflol\loltf.tlog\cl.command.1.tlog
c:\users\nadia\desktop\free external source by loltf#4825\loltflol\loltf.tlog\cl.read.1.tlog
c:\users\nadia\desktop\free external source by loltf#4825\loltflol\loltf.tlog\cl.write.1.tlog
c:\users\nadia\desktop\free external source by loltf#4825\loltflol\loltf.tlog\link.command.1.tlog
c:\users\nadia\desktop\free external source by loltf#4825\loltflol\loltf.tlog\link.read.1.tlog
c:\users\nadia\desktop\free external source by loltf#4825\loltflol\loltf.tlog\link.write.1.tlog
